*** Using Compiler 'V5.05 update 1 (build 106)', folder: 'D:\keil\ARM\ARMCC\Bin'
Build target 'Target 1'
compiling heap_4.c...
compiling croutine.c...
compiling stm32f4xx_exti.c...
compiling port.c...
compiling misc.c...
compiling queue.c...
compiling stm32f4xx_adc.c...
compiling list.c...
compiling event_groups.c...
compiling timers.c...
compiling stm32f4xx_dma.c...
compiling stm32f4xx_can.c...
compiling tasks.c...
assembling startup_stm32f40_41xxx.s...
compiling stm32f4xx_syscfg.c...
compiling stm32f4xx_flash.c...
compiling stm32f4xx_gpio.c...
compiling stm32f4xx_usart.c...
compiling stm32f4xx_tim.c...
compiling stm32f4xx_spi.c...
compiling stm32f4xx_rcc.c...
compiling algorithmOfCRC.c...
compiling tim.c...
compiling usart1.c...
compiling wifi.c...
compiling Start_Task.c...
compiling spi.c...
compiling key.c...
compiling lcd.c...
compiling SD.c...
compiling stm32f4xx_it.c...
compiling main.c...
compiling system_stm32f4xx.c...
linking...
Program Size: Code=1608 RO-data=424 RW-data=76 ZI-data=1764  
FromELF: creating hex file...
".\Objects\HUST RM.axf" - 0 Error(s), 0 Warning(s).
Build Time Elapsed:  00:00:20
